{"uid":"43fd5b5ef0ab60e5","name":"Тест: при создании нового заказа счётчик Выполнено за сегодня увеличивается","fullName":"tests.order_feed_test.TestOrderFeed#test_check_today_counter","historyId":"7fb6744aee94031081092089d212613d","time":{"start":1734731546465,"stop":1734731569667,"duration":23202},"status":"broken","statusMessage":"selenium.common.exceptions.TimeoutException: Message: \nStacktrace:\n\tGetHandleVerifier [0x00007FF60E81FB05+28789]\n\t(No symbol) [0x00007FF60E7886E0]\n\t(No symbol) [0x00007FF60E62592A]\n\t(No symbol) [0x00007FF60E67930E]\n\t(No symbol) [0x00007FF60E6795FC]\n\t(No symbol) [0x00007FF60E6C28A7]\n\t(No symbol) [0x00007FF60E69F47F]\n\t(No symbol) [0x00007FF60E6BF654]\n\t(No symbol) [0x00007FF60E69F1E3]\n\t(No symbol) [0x00007FF60E66A938]\n\t(No symbol) [0x00007FF60E66BAA1]\n\tGetHandleVerifier [0x00007FF60EB5933D+3410093]\n\tGetHandleVerifier [0x00007FF60EB6E7DD+3497293]\n\tGetHandleVerifier [0x00007FF60EB62A73+3448803]\n\tGetHandleVerifier [0x00007FF60E8E7BBB+848171]\n\t(No symbol) [0x00007FF60E793C3F]\n\t(No symbol) [0x00007FF60E78F6E4]\n\t(No symbol) [0x00007FF60E78F87D]\n\t(No symbol) [0x00007FF60E77ED49]\n\tBaseThreadInitThunk [0x00007FFD25D07374+20]\n\tRtlUserThreadStart [0x00007FFD25F5CC91+33]","statusTrace":"self = <order_feed_test.TestOrderFeed object at 0x0000024D93E17CE0>\ndriver = <selenium.webdriver.chrome.webdriver.WebDriver (session=\"1318615f53ef29788ec42afc80c849a7\")>\nfeed_order = <pages.feed_page.FeedPage object at 0x0000024D93E176F0>\ntest_user_create = {'email': 'r.shchetnikov:60325@yandex.ru', 'name': 'Username:60325', 'password': 'password:60325'}\n\n    @allure.title(\"Тест: при создании нового заказа счётчик Выполнено за сегодня увеличивается\")\n    def test_check_today_counter(self, driver, feed_order, test_user_create):\n        feed_order.click_on_feed()\n        WebDriverWait(driver, 20).until(expected_conditions.presence_of_element_located(find_order_number_in_list))\n    \n        count_before_order = feed_order.today_count()\n    \n        feed_order.click_on_constructor()\n        WebDriverWait(driver, 20).until(expected_conditions.element_to_be_clickable(ingredient))\n        feed_order.move_and_drop()\n        WebDriverWait(driver, 20).until(expected_conditions.element_to_be_clickable(main_page_order_button))\n        feed_order.click_order_button()\n        WebDriverWait(driver, 20).until(expected_conditions.element_to_be_clickable(login_page_recover_password_button))\n        feed_order.input_email(test_user_create[\"email\"])\n        feed_order.input_password(test_user_create[\"password\"])\n        feed_order.click_login_button()\n        WebDriverWait(driver, 20).until(expected_conditions.element_to_be_clickable(main_page_order_button))\n        feed_order.click_order_button()\n        WebDriverWait(driver, 20).until(expected_conditions.visibility_of_element_located(create_order_modal))\n>       WebDriverWait(driver, 20).until(expected_conditions.visibility_of_element_located(wait_order_number_modal))\n\ntests\\order_feed_test.py:90: \n_ _ _ _ _ _ _ _ _ _ _ _ _ _ _ _ _ _ _ _ _ _ _ _ _ _ _ _ _ _ _ _ _ _ _ _ _ _ _ _ _ _ _ _ _ _ _ _ _ _ _ _ _ _ _ _ _ _\n\nself = <selenium.webdriver.support.wait.WebDriverWait (session=\"1318615f53ef29788ec42afc80c849a7\")>\nmethod = <function visibility_of_element_located.<locals>._predicate at 0x0000024D93F52C00>, message = ''\n\n    def until(self, method: Callable[[D], Union[Literal[False], T]], message: str = \"\") -> T:\n        \"\"\"Calls the method provided with the driver as an argument until the \\\n        return value does not evaluate to ``False``.\n    \n        :param method: callable(WebDriver)\n        :param message: optional message for :exc:`TimeoutException`\n        :returns: the result of the last call to `method`\n        :raises: :exc:`selenium.common.exceptions.TimeoutException` if timeout occurs\n        \"\"\"\n        screen = None\n        stacktrace = None\n    \n        end_time = time.monotonic() + self._timeout\n        while True:\n            try:\n                value = method(self._driver)\n                if value:\n                    return value\n            except self._ignored_exceptions as exc:\n                screen = getattr(exc, \"screen\", None)\n                stacktrace = getattr(exc, \"stacktrace\", None)\n            time.sleep(self._poll)\n            if time.monotonic() > end_time:\n                break\n>       raise TimeoutException(message, screen, stacktrace)\nE       selenium.common.exceptions.TimeoutException: Message: \nE       Stacktrace:\nE       \tGetHandleVerifier [0x00007FF60E81FB05+28789]\nE       \t(No symbol) [0x00007FF60E7886E0]\nE       \t(No symbol) [0x00007FF60E62592A]\nE       \t(No symbol) [0x00007FF60E67930E]\nE       \t(No symbol) [0x00007FF60E6795FC]\nE       \t(No symbol) [0x00007FF60E6C28A7]\nE       \t(No symbol) [0x00007FF60E69F47F]\nE       \t(No symbol) [0x00007FF60E6BF654]\nE       \t(No symbol) [0x00007FF60E69F1E3]\nE       \t(No symbol) [0x00007FF60E66A938]\nE       \t(No symbol) [0x00007FF60E66BAA1]\nE       \tGetHandleVerifier [0x00007FF60EB5933D+3410093]\nE       \tGetHandleVerifier [0x00007FF60EB6E7DD+3497293]\nE       \tGetHandleVerifier [0x00007FF60EB62A73+3448803]\nE       \tGetHandleVerifier [0x00007FF60E8E7BBB+848171]\nE       \t(No symbol) [0x00007FF60E793C3F]\nE       \t(No symbol) [0x00007FF60E78F6E4]\nE       \t(No symbol) [0x00007FF60E78F87D]\nE       \t(No symbol) [0x00007FF60E77ED49]\nE       \tBaseThreadInitThunk [0x00007FFD25D07374+20]\nE       \tRtlUserThreadStart [0x00007FFD25F5CC91+33]\n\n..\\..\\..\\AppData\\Local\\Programs\\Python\\Python313\\Lib\\site-packages\\selenium\\webdriver\\support\\wait.py:105: TimeoutException","flaky":false,"newFailed":false,"newBroken":false,"newPassed":false,"retriesCount":0,"retriesStatusChange":false,"beforeStages":[{"name":"driver","time":{"start":1734731539088,"stop":1734731545948,"duration":6860},"status":"passed","steps":[],"attachments":[],"parameters":[],"shouldDisplayMessage":false,"attachmentsCount":0,"attachmentStep":false,"stepsCount":0,"hasContent":false},{"name":"test_user_create","time":{"start":1734731545948,"stop":1734731546464,"duration":516},"status":"passed","steps":[{"name":"Создание пользователя через api","time":{"start":1734731545948,"stop":1734731546464,"duration":516},"status":"passed","steps":[],"attachments":[],"parameters":[{"name":"random_user_for_register","value":"{'email': 'r.shchetnikov:60325@yandex.ru', 'password': 'password:60325', 'name': 'Username:60325'}"}],"shouldDisplayMessage":false,"attachmentsCount":0,"attachmentStep":false,"stepsCount":0,"hasContent":true}],"attachments":[],"parameters":[],"shouldDisplayMessage":false,"attachmentsCount":0,"attachmentStep":false,"stepsCount":1,"hasContent":true},{"name":"random_user_for_register","time":{"start":1734731545948,"stop":1734731545948,"duration":0},"status":"passed","steps":[{"name":"Генерация пользовательских данных","time":{"start":1734731545948,"stop":1734731545948,"duration":0},"status":"passed","steps":[],"attachments":[],"parameters":[],"shouldDisplayMessage":false,"attachmentsCount":0,"attachmentStep":false,"stepsCount":0,"hasContent":false}],"attachments":[],"parameters":[],"shouldDisplayMessage":false,"attachmentsCount":0,"attachmentStep":false,"stepsCount":1,"hasContent":true},{"name":"feed_order","time":{"start":1734731545948,"stop":1734731545948,"duration":0},"status":"passed","steps":[{"name":"Открытие главной страницы","time":{"start":1734731545948,"stop":1734731545948,"duration":0},"status":"passed","steps":[],"attachments":[],"parameters":[{"name":"driver","value":"<selenium.webdriver.chrome.webdriver.WebDriver (session=\"1318615f53ef29788ec42afc80c849a7\")>"}],"shouldDisplayMessage":false,"attachmentsCount":0,"attachmentStep":false,"stepsCount":0,"hasContent":true}],"attachments":[],"parameters":[],"shouldDisplayMessage":false,"attachmentsCount":0,"attachmentStep":false,"stepsCount":1,"hasContent":true}],"testStage":{"status":"broken","statusMessage":"selenium.common.exceptions.TimeoutException: Message: \nStacktrace:\n\tGetHandleVerifier [0x00007FF60E81FB05+28789]\n\t(No symbol) [0x00007FF60E7886E0]\n\t(No symbol) [0x00007FF60E62592A]\n\t(No symbol) [0x00007FF60E67930E]\n\t(No symbol) [0x00007FF60E6795FC]\n\t(No symbol) [0x00007FF60E6C28A7]\n\t(No symbol) [0x00007FF60E69F47F]\n\t(No symbol) [0x00007FF60E6BF654]\n\t(No symbol) [0x00007FF60E69F1E3]\n\t(No symbol) [0x00007FF60E66A938]\n\t(No symbol) [0x00007FF60E66BAA1]\n\tGetHandleVerifier [0x00007FF60EB5933D+3410093]\n\tGetHandleVerifier [0x00007FF60EB6E7DD+3497293]\n\tGetHandleVerifier [0x00007FF60EB62A73+3448803]\n\tGetHandleVerifier [0x00007FF60E8E7BBB+848171]\n\t(No symbol) [0x00007FF60E793C3F]\n\t(No symbol) [0x00007FF60E78F6E4]\n\t(No symbol) [0x00007FF60E78F87D]\n\t(No symbol) [0x00007FF60E77ED49]\n\tBaseThreadInitThunk [0x00007FFD25D07374+20]\n\tRtlUserThreadStart [0x00007FFD25F5CC91+33]","statusTrace":"self = <order_feed_test.TestOrderFeed object at 0x0000024D93E17CE0>\ndriver = <selenium.webdriver.chrome.webdriver.WebDriver (session=\"1318615f53ef29788ec42afc80c849a7\")>\nfeed_order = <pages.feed_page.FeedPage object at 0x0000024D93E176F0>\ntest_user_create = {'email': 'r.shchetnikov:60325@yandex.ru', 'name': 'Username:60325', 'password': 'password:60325'}\n\n    @allure.title(\"Тест: при создании нового заказа счётчик Выполнено за сегодня увеличивается\")\n    def test_check_today_counter(self, driver, feed_order, test_user_create):\n        feed_order.click_on_feed()\n        WebDriverWait(driver, 20).until(expected_conditions.presence_of_element_located(find_order_number_in_list))\n    \n        count_before_order = feed_order.today_count()\n    \n        feed_order.click_on_constructor()\n        WebDriverWait(driver, 20).until(expected_conditions.element_to_be_clickable(ingredient))\n        feed_order.move_and_drop()\n        WebDriverWait(driver, 20).until(expected_conditions.element_to_be_clickable(main_page_order_button))\n        feed_order.click_order_button()\n        WebDriverWait(driver, 20).until(expected_conditions.element_to_be_clickable(login_page_recover_password_button))\n        feed_order.input_email(test_user_create[\"email\"])\n        feed_order.input_password(test_user_create[\"password\"])\n        feed_order.click_login_button()\n        WebDriverWait(driver, 20).until(expected_conditions.element_to_be_clickable(main_page_order_button))\n        feed_order.click_order_button()\n        WebDriverWait(driver, 20).until(expected_conditions.visibility_of_element_located(create_order_modal))\n>       WebDriverWait(driver, 20).until(expected_conditions.visibility_of_element_located(wait_order_number_modal))\n\ntests\\order_feed_test.py:90: \n_ _ _ _ _ _ _ _ _ _ _ _ _ _ _ _ _ _ _ _ _ _ _ _ _ _ _ _ _ _ _ _ _ _ _ _ _ _ _ _ _ _ _ _ _ _ _ _ _ _ _ _ _ _ _ _ _ _\n\nself = <selenium.webdriver.support.wait.WebDriverWait (session=\"1318615f53ef29788ec42afc80c849a7\")>\nmethod = <function visibility_of_element_located.<locals>._predicate at 0x0000024D93F52C00>, message = ''\n\n    def until(self, method: Callable[[D], Union[Literal[False], T]], message: str = \"\") -> T:\n        \"\"\"Calls the method provided with the driver as an argument until the \\\n        return value does not evaluate to ``False``.\n    \n        :param method: callable(WebDriver)\n        :param message: optional message for :exc:`TimeoutException`\n        :returns: the result of the last call to `method`\n        :raises: :exc:`selenium.common.exceptions.TimeoutException` if timeout occurs\n        \"\"\"\n        screen = None\n        stacktrace = None\n    \n        end_time = time.monotonic() + self._timeout\n        while True:\n            try:\n                value = method(self._driver)\n                if value:\n                    return value\n            except self._ignored_exceptions as exc:\n                screen = getattr(exc, \"screen\", None)\n                stacktrace = getattr(exc, \"stacktrace\", None)\n            time.sleep(self._poll)\n            if time.monotonic() > end_time:\n                break\n>       raise TimeoutException(message, screen, stacktrace)\nE       selenium.common.exceptions.TimeoutException: Message: \nE       Stacktrace:\nE       \tGetHandleVerifier [0x00007FF60E81FB05+28789]\nE       \t(No symbol) [0x00007FF60E7886E0]\nE       \t(No symbol) [0x00007FF60E62592A]\nE       \t(No symbol) [0x00007FF60E67930E]\nE       \t(No symbol) [0x00007FF60E6795FC]\nE       \t(No symbol) [0x00007FF60E6C28A7]\nE       \t(No symbol) [0x00007FF60E69F47F]\nE       \t(No symbol) [0x00007FF60E6BF654]\nE       \t(No symbol) [0x00007FF60E69F1E3]\nE       \t(No symbol) [0x00007FF60E66A938]\nE       \t(No symbol) [0x00007FF60E66BAA1]\nE       \tGetHandleVerifier [0x00007FF60EB5933D+3410093]\nE       \tGetHandleVerifier [0x00007FF60EB6E7DD+3497293]\nE       \tGetHandleVerifier [0x00007FF60EB62A73+3448803]\nE       \tGetHandleVerifier [0x00007FF60E8E7BBB+848171]\nE       \t(No symbol) [0x00007FF60E793C3F]\nE       \t(No symbol) [0x00007FF60E78F6E4]\nE       \t(No symbol) [0x00007FF60E78F87D]\nE       \t(No symbol) [0x00007FF60E77ED49]\nE       \tBaseThreadInitThunk [0x00007FFD25D07374+20]\nE       \tRtlUserThreadStart [0x00007FFD25F5CC91+33]\n\n..\\..\\..\\AppData\\Local\\Programs\\Python\\Python313\\Lib\\site-packages\\selenium\\webdriver\\support\\wait.py:105: TimeoutException","steps":[{"name":"Клик по кнопке Лента заказов","time":{"start":1734731546465,"stop":1734731546508,"duration":43},"status":"passed","steps":[],"attachments":[],"parameters":[],"shouldDisplayMessage":false,"attachmentsCount":0,"attachmentStep":false,"stepsCount":0,"hasContent":false},{"name":"Выполнено за сегодня","time":{"start":1734731548031,"stop":1734731548044,"duration":13},"status":"passed","steps":[],"attachments":[],"parameters":[],"shouldDisplayMessage":false,"attachmentsCount":0,"attachmentStep":false,"stepsCount":0,"hasContent":false},{"name":"Клик по кнопке Конструктор","time":{"start":1734731548044,"stop":1734731548083,"duration":39},"status":"passed","steps":[],"attachments":[],"parameters":[],"shouldDisplayMessage":false,"attachmentsCount":0,"attachmentStep":false,"stepsCount":0,"hasContent":false},{"name":"Перенос булочки в заказ","time":{"start":1734731548099,"stop":1734731548652,"duration":553},"status":"passed","steps":[],"attachments":[],"parameters":[],"shouldDisplayMessage":false,"attachmentsCount":0,"attachmentStep":false,"stepsCount":0,"hasContent":false},{"name":"Кнопку заказа на главной","time":{"start":1734731548666,"stop":1734731548699,"duration":33},"status":"passed","steps":[],"attachments":[],"parameters":[],"shouldDisplayMessage":false,"attachmentsCount":0,"attachmentStep":false,"stepsCount":0,"hasContent":false},{"name":"Заполнение поля email","time":{"start":1734731548711,"stop":1734731548758,"duration":47},"status":"passed","steps":[],"attachments":[],"parameters":[{"name":"email","value":"'r.shchetnikov:60325@yandex.ru'"}],"shouldDisplayMessage":false,"attachmentsCount":0,"attachmentStep":false,"stepsCount":0,"hasContent":true},{"name":"Заполнение поля email","time":{"start":1734731548758,"stop":1734731548790,"duration":32},"status":"passed","steps":[],"attachments":[],"parameters":[{"name":"password","value":"'password:60325'"}],"shouldDisplayMessage":false,"attachmentsCount":0,"attachmentStep":false,"stepsCount":0,"hasContent":true},{"name":"Клик по кнопке войти","time":{"start":1734731548790,"stop":1734731548825,"duration":35},"status":"passed","steps":[],"attachments":[],"parameters":[],"shouldDisplayMessage":false,"attachmentsCount":0,"attachmentStep":false,"stepsCount":0,"hasContent":false},{"name":"Кнопку заказа на главной","time":{"start":1734731549342,"stop":1734731549372,"duration":30},"status":"passed","steps":[],"attachments":[],"parameters":[],"shouldDisplayMessage":false,"attachmentsCount":0,"attachmentStep":false,"stepsCount":0,"hasContent":false}],"attachments":[],"parameters":[],"shouldDisplayMessage":true,"attachmentsCount":0,"attachmentStep":false,"stepsCount":9,"hasContent":true},"afterStages":[{"name":"driver::0","time":{"start":1734731569761,"stop":1734731571851,"duration":2090},"status":"passed","steps":[],"attachments":[],"parameters":[],"shouldDisplayMessage":false,"attachmentsCount":0,"attachmentStep":false,"stepsCount":0,"hasContent":false}],"labels":[{"name":"tag","value":"@pytest.mark.usefixtures('feed_order')"},{"name":"parentSuite","value":"tests"},{"name":"suite","value":"order_feed_test"},{"name":"subSuite","value":"TestOrderFeed"},{"name":"host","value":"DESKTOP-7LU8FN0"},{"name":"thread","value":"18612-MainThread"},{"name":"framework","value":"pytest"},{"name":"language","value":"cpython3"},{"name":"package","value":"tests.order_feed_test"},{"name":"resultFormat","value":"allure2"}],"parameters":[],"links":[],"hidden":true,"retry":true,"extra":{"categories":[],"tags":["@pytest.mark.usefixtures('feed_order')"]},"source":"43fd5b5ef0ab60e5.json","parameterValues":[]}