{"uid":"af33ade979cbd9fc","name":"Тест: заказы пользователя из раздела «История заказов» отображаются на странице «Лента заказов»","fullName":"tests.order_feed_test.TestOrderFeed#test_check_order_in_work_status","historyId":"b25a7550e604ae1901deed0e5594ac61","time":{"start":1734730075012,"stop":1734730095976,"duration":20964},"status":"broken","statusMessage":"selenium.common.exceptions.TimeoutException: Message: \nStacktrace:\n\tGetHandleVerifier [0x00007FF60E81FB05+28789]\n\t(No symbol) [0x00007FF60E7886E0]\n\t(No symbol) [0x00007FF60E62592A]\n\t(No symbol) [0x00007FF60E67930E]\n\t(No symbol) [0x00007FF60E6795FC]\n\t(No symbol) [0x00007FF60E6C28A7]\n\t(No symbol) [0x00007FF60E69F47F]\n\t(No symbol) [0x00007FF60E6BF654]\n\t(No symbol) [0x00007FF60E69F1E3]\n\t(No symbol) [0x00007FF60E66A938]\n\t(No symbol) [0x00007FF60E66BAA1]\n\tGetHandleVerifier [0x00007FF60EB5933D+3410093]\n\tGetHandleVerifier [0x00007FF60EB6E7DD+3497293]\n\tGetHandleVerifier [0x00007FF60EB62A73+3448803]\n\tGetHandleVerifier [0x00007FF60E8E7BBB+848171]\n\t(No symbol) [0x00007FF60E793C3F]\n\t(No symbol) [0x00007FF60E78F6E4]\n\t(No symbol) [0x00007FF60E78F87D]\n\t(No symbol) [0x00007FF60E77ED49]\n\tBaseThreadInitThunk [0x00007FFD25D07374+20]\n\tRtlUserThreadStart [0x00007FFD25F5CC91+33]","statusTrace":"self = <order_feed_test.TestOrderFeed object at 0x00000209497A5C70>\ndriver = <selenium.webdriver.chrome.webdriver.WebDriver (session=\"11b16e92dcad7e3a992ce5a2ea6027fe\")>\nfeed_order = <pages.feed_page.FeedPage object at 0x00000209496876F0>\ntest_user_create = {'email': 'r.shchetnikov:10672243@yandex.ru', 'name': 'Username:10672243', 'password': 'password:10672243'}\n\n    @allure.title(\"Тест: заказы пользователя из раздела «История заказов» отображаются на странице «Лента заказов»\")\n    def test_check_order_in_work_status(self, driver, feed_order, test_user_create):\n        WebDriverWait(driver, 20).until(expected_conditions.element_to_be_clickable(ingredient))\n        feed_order.move_and_drop()\n        WebDriverWait(driver, 20).until(expected_conditions.element_to_be_clickable(main_page_order_button))\n        feed_order.click_order_button()\n        WebDriverWait(driver, 20).until(expected_conditions.element_to_be_clickable(login_page_recover_password_button))\n        feed_order.input_email(test_user_create[\"email\"])\n        feed_order.input_password(test_user_create[\"email\"])\n        feed_order.click_login_button()\n>       WebDriverWait(driver, 20).until(expected_conditions.element_to_be_clickable(main_page_order_button))\n\ntests\\order_feed_test.py:109: \n_ _ _ _ _ _ _ _ _ _ _ _ _ _ _ _ _ _ _ _ _ _ _ _ _ _ _ _ _ _ _ _ _ _ _ _ _ _ _ _ _ _ _ _ _ _ _ _ _ _ _ _ _ _ _ _ _ _\n\nself = <selenium.webdriver.support.wait.WebDriverWait (session=\"11b16e92dcad7e3a992ce5a2ea6027fe\")>\nmethod = <function element_to_be_clickable.<locals>._predicate at 0x00000209497B4180>, message = ''\n\n    def until(self, method: Callable[[D], Union[Literal[False], T]], message: str = \"\") -> T:\n        \"\"\"Calls the method provided with the driver as an argument until the \\\n        return value does not evaluate to ``False``.\n    \n        :param method: callable(WebDriver)\n        :param message: optional message for :exc:`TimeoutException`\n        :returns: the result of the last call to `method`\n        :raises: :exc:`selenium.common.exceptions.TimeoutException` if timeout occurs\n        \"\"\"\n        screen = None\n        stacktrace = None\n    \n        end_time = time.monotonic() + self._timeout\n        while True:\n            try:\n                value = method(self._driver)\n                if value:\n                    return value\n            except self._ignored_exceptions as exc:\n                screen = getattr(exc, \"screen\", None)\n                stacktrace = getattr(exc, \"stacktrace\", None)\n            time.sleep(self._poll)\n            if time.monotonic() > end_time:\n                break\n>       raise TimeoutException(message, screen, stacktrace)\nE       selenium.common.exceptions.TimeoutException: Message: \nE       Stacktrace:\nE       \tGetHandleVerifier [0x00007FF60E81FB05+28789]\nE       \t(No symbol) [0x00007FF60E7886E0]\nE       \t(No symbol) [0x00007FF60E62592A]\nE       \t(No symbol) [0x00007FF60E67930E]\nE       \t(No symbol) [0x00007FF60E6795FC]\nE       \t(No symbol) [0x00007FF60E6C28A7]\nE       \t(No symbol) [0x00007FF60E69F47F]\nE       \t(No symbol) [0x00007FF60E6BF654]\nE       \t(No symbol) [0x00007FF60E69F1E3]\nE       \t(No symbol) [0x00007FF60E66A938]\nE       \t(No symbol) [0x00007FF60E66BAA1]\nE       \tGetHandleVerifier [0x00007FF60EB5933D+3410093]\nE       \tGetHandleVerifier [0x00007FF60EB6E7DD+3497293]\nE       \tGetHandleVerifier [0x00007FF60EB62A73+3448803]\nE       \tGetHandleVerifier [0x00007FF60E8E7BBB+848171]\nE       \t(No symbol) [0x00007FF60E793C3F]\nE       \t(No symbol) [0x00007FF60E78F6E4]\nE       \t(No symbol) [0x00007FF60E78F87D]\nE       \t(No symbol) [0x00007FF60E77ED49]\nE       \tBaseThreadInitThunk [0x00007FFD25D07374+20]\nE       \tRtlUserThreadStart [0x00007FFD25F5CC91+33]\n\n..\\..\\..\\AppData\\Local\\Programs\\Python\\Python313\\Lib\\site-packages\\selenium\\webdriver\\support\\wait.py:105: TimeoutException","flaky":false,"newFailed":false,"newBroken":false,"newPassed":false,"retriesCount":0,"retriesStatusChange":false,"beforeStages":[{"name":"driver","time":{"start":1734730069356,"stop":1734730074500,"duration":5144},"status":"passed","steps":[],"attachments":[],"parameters":[],"shouldDisplayMessage":false,"attachmentsCount":0,"attachmentStep":false,"stepsCount":0,"hasContent":false},{"name":"test_user_create","time":{"start":1734730074500,"stop":1734730075012,"duration":512},"status":"passed","steps":[{"name":"Создание пользователя через api","time":{"start":1734730074500,"stop":1734730075012,"duration":512},"status":"passed","steps":[],"attachments":[],"parameters":[{"name":"random_user_for_register","value":"{'email': 'r.shchetnikov:10672243@yandex.ru', 'password': 'password:10672243', 'name': 'Username:10672243'}"}],"shouldDisplayMessage":false,"attachmentsCount":0,"attachmentStep":false,"stepsCount":0,"hasContent":true}],"attachments":[],"parameters":[],"shouldDisplayMessage":false,"attachmentsCount":0,"attachmentStep":false,"stepsCount":1,"hasContent":true},{"name":"random_user_for_register","time":{"start":1734730074500,"stop":1734730074500,"duration":0},"status":"passed","steps":[{"name":"Генерация пользовательских данных","time":{"start":1734730074500,"stop":1734730074500,"duration":0},"status":"passed","steps":[],"attachments":[],"parameters":[],"shouldDisplayMessage":false,"attachmentsCount":0,"attachmentStep":false,"stepsCount":0,"hasContent":false}],"attachments":[],"parameters":[],"shouldDisplayMessage":false,"attachmentsCount":0,"attachmentStep":false,"stepsCount":1,"hasContent":true},{"name":"feed_order","time":{"start":1734730074500,"stop":1734730074500,"duration":0},"status":"passed","steps":[{"name":"Открытие главной страницы","time":{"start":1734730074500,"stop":1734730074500,"duration":0},"status":"passed","steps":[],"attachments":[],"parameters":[{"name":"driver","value":"<selenium.webdriver.chrome.webdriver.WebDriver (session=\"11b16e92dcad7e3a992ce5a2ea6027fe\")>"}],"shouldDisplayMessage":false,"attachmentsCount":0,"attachmentStep":false,"stepsCount":0,"hasContent":true}],"attachments":[],"parameters":[],"shouldDisplayMessage":false,"attachmentsCount":0,"attachmentStep":false,"stepsCount":1,"hasContent":true}],"testStage":{"status":"broken","statusMessage":"selenium.common.exceptions.TimeoutException: Message: \nStacktrace:\n\tGetHandleVerifier [0x00007FF60E81FB05+28789]\n\t(No symbol) [0x00007FF60E7886E0]\n\t(No symbol) [0x00007FF60E62592A]\n\t(No symbol) [0x00007FF60E67930E]\n\t(No symbol) [0x00007FF60E6795FC]\n\t(No symbol) [0x00007FF60E6C28A7]\n\t(No symbol) [0x00007FF60E69F47F]\n\t(No symbol) [0x00007FF60E6BF654]\n\t(No symbol) [0x00007FF60E69F1E3]\n\t(No symbol) [0x00007FF60E66A938]\n\t(No symbol) [0x00007FF60E66BAA1]\n\tGetHandleVerifier [0x00007FF60EB5933D+3410093]\n\tGetHandleVerifier [0x00007FF60EB6E7DD+3497293]\n\tGetHandleVerifier [0x00007FF60EB62A73+3448803]\n\tGetHandleVerifier [0x00007FF60E8E7BBB+848171]\n\t(No symbol) [0x00007FF60E793C3F]\n\t(No symbol) [0x00007FF60E78F6E4]\n\t(No symbol) [0x00007FF60E78F87D]\n\t(No symbol) [0x00007FF60E77ED49]\n\tBaseThreadInitThunk [0x00007FFD25D07374+20]\n\tRtlUserThreadStart [0x00007FFD25F5CC91+33]","statusTrace":"self = <order_feed_test.TestOrderFeed object at 0x00000209497A5C70>\ndriver = <selenium.webdriver.chrome.webdriver.WebDriver (session=\"11b16e92dcad7e3a992ce5a2ea6027fe\")>\nfeed_order = <pages.feed_page.FeedPage object at 0x00000209496876F0>\ntest_user_create = {'email': 'r.shchetnikov:10672243@yandex.ru', 'name': 'Username:10672243', 'password': 'password:10672243'}\n\n    @allure.title(\"Тест: заказы пользователя из раздела «История заказов» отображаются на странице «Лента заказов»\")\n    def test_check_order_in_work_status(self, driver, feed_order, test_user_create):\n        WebDriverWait(driver, 20).until(expected_conditions.element_to_be_clickable(ingredient))\n        feed_order.move_and_drop()\n        WebDriverWait(driver, 20).until(expected_conditions.element_to_be_clickable(main_page_order_button))\n        feed_order.click_order_button()\n        WebDriverWait(driver, 20).until(expected_conditions.element_to_be_clickable(login_page_recover_password_button))\n        feed_order.input_email(test_user_create[\"email\"])\n        feed_order.input_password(test_user_create[\"email\"])\n        feed_order.click_login_button()\n>       WebDriverWait(driver, 20).until(expected_conditions.element_to_be_clickable(main_page_order_button))\n\ntests\\order_feed_test.py:109: \n_ _ _ _ _ _ _ _ _ _ _ _ _ _ _ _ _ _ _ _ _ _ _ _ _ _ _ _ _ _ _ _ _ _ _ _ _ _ _ _ _ _ _ _ _ _ _ _ _ _ _ _ _ _ _ _ _ _\n\nself = <selenium.webdriver.support.wait.WebDriverWait (session=\"11b16e92dcad7e3a992ce5a2ea6027fe\")>\nmethod = <function element_to_be_clickable.<locals>._predicate at 0x00000209497B4180>, message = ''\n\n    def until(self, method: Callable[[D], Union[Literal[False], T]], message: str = \"\") -> T:\n        \"\"\"Calls the method provided with the driver as an argument until the \\\n        return value does not evaluate to ``False``.\n    \n        :param method: callable(WebDriver)\n        :param message: optional message for :exc:`TimeoutException`\n        :returns: the result of the last call to `method`\n        :raises: :exc:`selenium.common.exceptions.TimeoutException` if timeout occurs\n        \"\"\"\n        screen = None\n        stacktrace = None\n    \n        end_time = time.monotonic() + self._timeout\n        while True:\n            try:\n                value = method(self._driver)\n                if value:\n                    return value\n            except self._ignored_exceptions as exc:\n                screen = getattr(exc, \"screen\", None)\n                stacktrace = getattr(exc, \"stacktrace\", None)\n            time.sleep(self._poll)\n            if time.monotonic() > end_time:\n                break\n>       raise TimeoutException(message, screen, stacktrace)\nE       selenium.common.exceptions.TimeoutException: Message: \nE       Stacktrace:\nE       \tGetHandleVerifier [0x00007FF60E81FB05+28789]\nE       \t(No symbol) [0x00007FF60E7886E0]\nE       \t(No symbol) [0x00007FF60E62592A]\nE       \t(No symbol) [0x00007FF60E67930E]\nE       \t(No symbol) [0x00007FF60E6795FC]\nE       \t(No symbol) [0x00007FF60E6C28A7]\nE       \t(No symbol) [0x00007FF60E69F47F]\nE       \t(No symbol) [0x00007FF60E6BF654]\nE       \t(No symbol) [0x00007FF60E69F1E3]\nE       \t(No symbol) [0x00007FF60E66A938]\nE       \t(No symbol) [0x00007FF60E66BAA1]\nE       \tGetHandleVerifier [0x00007FF60EB5933D+3410093]\nE       \tGetHandleVerifier [0x00007FF60EB6E7DD+3497293]\nE       \tGetHandleVerifier [0x00007FF60EB62A73+3448803]\nE       \tGetHandleVerifier [0x00007FF60E8E7BBB+848171]\nE       \t(No symbol) [0x00007FF60E793C3F]\nE       \t(No symbol) [0x00007FF60E78F6E4]\nE       \t(No symbol) [0x00007FF60E78F87D]\nE       \t(No symbol) [0x00007FF60E77ED49]\nE       \tBaseThreadInitThunk [0x00007FFD25D07374+20]\nE       \tRtlUserThreadStart [0x00007FFD25F5CC91+33]\n\n..\\..\\..\\AppData\\Local\\Programs\\Python\\Python313\\Lib\\site-packages\\selenium\\webdriver\\support\\wait.py:105: TimeoutException","steps":[{"name":"Перенос булочки в заказ","time":{"start":1734730075029,"stop":1734730075576,"duration":547},"status":"passed","steps":[],"attachments":[],"parameters":[],"shouldDisplayMessage":false,"attachmentsCount":0,"attachmentStep":false,"stepsCount":0,"hasContent":false},{"name":"Кнопку заказа на главной","time":{"start":1734730075590,"stop":1734730075630,"duration":40},"status":"passed","steps":[],"attachments":[],"parameters":[],"shouldDisplayMessage":false,"attachmentsCount":0,"attachmentStep":false,"stepsCount":0,"hasContent":false},{"name":"Заполнение поля email","time":{"start":1734730075643,"stop":1734730075690,"duration":47},"status":"passed","steps":[],"attachments":[],"parameters":[{"name":"email","value":"'r.shchetnikov:10672243@yandex.ru'"}],"shouldDisplayMessage":false,"attachmentsCount":0,"attachmentStep":false,"stepsCount":0,"hasContent":true},{"name":"Заполнение поля email","time":{"start":1734730075690,"stop":1734730075730,"duration":40},"status":"passed","steps":[],"attachments":[],"parameters":[{"name":"password","value":"'r.shchetnikov:10672243@yandex.ru'"}],"shouldDisplayMessage":false,"attachmentsCount":0,"attachmentStep":false,"stepsCount":0,"hasContent":true},{"name":"Клик по кнопке войти","time":{"start":1734730075730,"stop":1734730075765,"duration":35},"status":"passed","steps":[],"attachments":[],"parameters":[],"shouldDisplayMessage":false,"attachmentsCount":0,"attachmentStep":false,"stepsCount":0,"hasContent":false}],"attachments":[],"parameters":[],"shouldDisplayMessage":true,"attachmentsCount":0,"attachmentStep":false,"stepsCount":5,"hasContent":true},"afterStages":[{"name":"driver::0","time":{"start":1734730096065,"stop":1734730098159,"duration":2094},"status":"passed","steps":[],"attachments":[],"parameters":[],"shouldDisplayMessage":false,"attachmentsCount":0,"attachmentStep":false,"stepsCount":0,"hasContent":false}],"labels":[{"name":"tag","value":"@pytest.mark.usefixtures('feed_order')"},{"name":"parentSuite","value":"tests"},{"name":"suite","value":"order_feed_test"},{"name":"subSuite","value":"TestOrderFeed"},{"name":"host","value":"DESKTOP-7LU8FN0"},{"name":"thread","value":"14940-MainThread"},{"name":"framework","value":"pytest"},{"name":"language","value":"cpython3"},{"name":"package","value":"tests.order_feed_test"},{"name":"resultFormat","value":"allure2"}],"parameters":[],"links":[],"hidden":true,"retry":true,"extra":{"categories":[],"tags":["@pytest.mark.usefixtures('feed_order')"]},"source":"af33ade979cbd9fc.json","parameterValues":[]}