{"uid":"ee581f804afa5d95","name":"Тест: выход из аккаунта","fullName":"tests.personal_account_test.TestRestorePassword#test_logout","historyId":"2327d1e2f6d63044792a4617579497ef","time":{"start":1734732547612,"stop":1734732547838,"duration":226},"status":"broken","statusMessage":"selenium.common.exceptions.NoSuchElementException: Message: no such element: Unable to locate element: {\"method\":\"xpath\",\"selector\":\"//button[@class='Account_button__14Yp3 text text_type_main-medium text_color_inactive']\"}\n  (Session info: chrome=131.0.6778.205); For documentation on this error, please visit: https://www.selenium.dev/documentation/webdriver/troubleshooting/errors#no-such-element-exception\nStacktrace:\n\tGetHandleVerifier [0x00007FF60E81FB05+28789]\n\t(No symbol) [0x00007FF60E7886E0]\n\t(No symbol) [0x00007FF60E62592A]\n\t(No symbol) [0x00007FF60E67930E]\n\t(No symbol) [0x00007FF60E6795FC]\n\t(No symbol) [0x00007FF60E6C28A7]\n\t(No symbol) [0x00007FF60E69F47F]\n\t(No symbol) [0x00007FF60E6BF654]\n\t(No symbol) [0x00007FF60E69F1E3]\n\t(No symbol) [0x00007FF60E66A938]\n\t(No symbol) [0x00007FF60E66BAA1]\n\tGetHandleVerifier [0x00007FF60EB5933D+3410093]\n\tGetHandleVerifier [0x00007FF60EB6E7DD+3497293]\n\tGetHandleVerifier [0x00007FF60EB62A73+3448803]\n\tGetHandleVerifier [0x00007FF60E8E7BBB+848171]\n\t(No symbol) [0x00007FF60E793C3F]\n\t(No symbol) [0x00007FF60E78F6E4]\n\t(No symbol) [0x00007FF60E78F87D]\n\t(No symbol) [0x00007FF60E77ED49]\n\tBaseThreadInitThunk [0x00007FFD25D07374+20]\n\tRtlUserThreadStart [0x00007FFD25F5CC91+33]","statusTrace":"self = <personal_account_test.TestRestorePassword object at 0x0000021F8D4F7CE0>\ndriver = <selenium.webdriver.chrome.webdriver.WebDriver (session=\"7cbbff293501aeef70697fcded79a8a9\")>\npersonal_account = <pages.personal_account_page.PersonalAccountPage object at 0x0000021F8D5B6AD0>\ntest_user_create = {'email': 'r3762:3762@ya.ru', 'name': 'Username:3762', 'password': 'password:3762'}\n\n    @allure.title(\"Тест: выход из аккаунта\")\n    def test_logout(self, driver, personal_account, test_user_create):\n        # Авторизация\n        personal_account.click_on_login_to_account()\n        personal_account.input_email(test_user_create[\"email\"])\n        personal_account.input_password(test_user_create[\"password\"])\n        personal_account.click_login_button()\n        # Нужна пауза\n        WebDriverWait(driver, 20).until(expected_conditions.element_to_be_clickable(login_page_login_button))\n        personal_account.click_on_login_to_account()\n        # Нужна пауза\n        WebDriverWait(driver, 20).until(expected_conditions.element_to_be_clickable(login_page_login_button))\n        # Логаут\n>       personal_account.click_exit_button()\n\ntests\\personal_account_test.py:49: \n_ _ _ _ _ _ _ _ _ _ _ _ _ _ _ _ _ _ _ _ _ _ _ _ _ _ _ _ _ _ _ _ _ _ _ _ _ _ _ _ _ _ _ _ _ _ _ _ _ _ _ _ _ _ _ _ _ _\npages\\personal_account_page.py:26: in click_exit_button\n    self.driver.find_element(*personal_account_exit_button).click()\n..\\..\\..\\AppData\\Local\\Programs\\Python\\Python313\\Lib\\site-packages\\selenium\\webdriver\\remote\\webdriver.py:748: in find_element\n    return self.execute(Command.FIND_ELEMENT, {\"using\": by, \"value\": value})[\"value\"]\n..\\..\\..\\AppData\\Local\\Programs\\Python\\Python313\\Lib\\site-packages\\selenium\\webdriver\\remote\\webdriver.py:354: in execute\n    self.error_handler.check_response(response)\n_ _ _ _ _ _ _ _ _ _ _ _ _ _ _ _ _ _ _ _ _ _ _ _ _ _ _ _ _ _ _ _ _ _ _ _ _ _ _ _ _ _ _ _ _ _ _ _ _ _ _ _ _ _ _ _ _ _\n\nself = <selenium.webdriver.remote.errorhandler.ErrorHandler object at 0x0000021F8D5D2DD0>\nresponse = {'status': 404, 'value': '{\"value\":{\"error\":\"no such element\",\"message\":\"no such element: Unable to locate element: {\\...07FF60E77ED49]\\\\n\\\\tBaseThreadInitThunk [0x00007FFD25D07374+20]\\\\n\\\\tRtlUserThreadStart [0x00007FFD25F5CC91+33]\\\\n\"}}'}\n\n    def check_response(self, response: Dict[str, Any]) -> None:\n        \"\"\"Checks that a JSON response from the WebDriver does not have an\n        error.\n    \n        :Args:\n         - response - The JSON response from the WebDriver server as a dictionary\n           object.\n    \n        :Raises: If the response contains an error message.\n        \"\"\"\n        status = response.get(\"status\", None)\n        if not status or status == ErrorCode.SUCCESS:\n            return\n        value = None\n        message = response.get(\"message\", \"\")\n        screen: str = response.get(\"screen\", \"\")\n        stacktrace = None\n        if isinstance(status, int):\n            value_json = response.get(\"value\", None)\n            if value_json and isinstance(value_json, str):\n                import json\n    \n                try:\n                    value = json.loads(value_json)\n                    if len(value) == 1:\n                        value = value[\"value\"]\n                    status = value.get(\"error\", None)\n                    if not status:\n                        status = value.get(\"status\", ErrorCode.UNKNOWN_ERROR)\n                        message = value.get(\"value\") or value.get(\"message\")\n                        if not isinstance(message, str):\n                            value = message\n                            message = message.get(\"message\")\n                    else:\n                        message = value.get(\"message\", None)\n                except ValueError:\n                    pass\n    \n        exception_class: Type[WebDriverException]\n        e = ErrorCode()\n        error_codes = [item for item in dir(e) if not item.startswith(\"__\")]\n        for error_code in error_codes:\n            error_info = getattr(ErrorCode, error_code)\n            if isinstance(error_info, list) and status in error_info:\n                exception_class = getattr(ExceptionMapping, error_code, WebDriverException)\n                break\n        else:\n            exception_class = WebDriverException\n    \n        if not value:\n            value = response[\"value\"]\n        if isinstance(value, str):\n            raise exception_class(value)\n        if message == \"\" and \"message\" in value:\n            message = value[\"message\"]\n    \n        screen = None  # type: ignore[assignment]\n        if \"screen\" in value:\n            screen = value[\"screen\"]\n    \n        stacktrace = None\n        st_value = value.get(\"stackTrace\") or value.get(\"stacktrace\")\n        if st_value:\n            if isinstance(st_value, str):\n                stacktrace = st_value.split(\"\\n\")\n            else:\n                stacktrace = []\n                try:\n                    for frame in st_value:\n                        line = frame.get(\"lineNumber\", \"\")\n                        file = frame.get(\"fileName\", \"<anonymous>\")\n                        if line:\n                            file = f\"{file}:{line}\"\n                        meth = frame.get(\"methodName\", \"<anonymous>\")\n                        if \"className\" in frame:\n                            meth = f\"{frame['className']}.{meth}\"\n                        msg = \"    at %s (%s)\"\n                        msg = msg % (meth, file)\n                        stacktrace.append(msg)\n                except TypeError:\n                    pass\n        if exception_class == UnexpectedAlertPresentException:\n            alert_text = None\n            if \"data\" in value:\n                alert_text = value[\"data\"].get(\"text\")\n            elif \"alert\" in value:\n                alert_text = value[\"alert\"].get(\"text\")\n            raise exception_class(message, screen, stacktrace, alert_text)  # type: ignore[call-arg]  # mypy is not smart enough here\n>       raise exception_class(message, screen, stacktrace)\nE       selenium.common.exceptions.NoSuchElementException: Message: no such element: Unable to locate element: {\"method\":\"xpath\",\"selector\":\"//button[@class='Account_button__14Yp3 text text_type_main-medium text_color_inactive']\"}\nE         (Session info: chrome=131.0.6778.205); For documentation on this error, please visit: https://www.selenium.dev/documentation/webdriver/troubleshooting/errors#no-such-element-exception\nE       Stacktrace:\nE       \tGetHandleVerifier [0x00007FF60E81FB05+28789]\nE       \t(No symbol) [0x00007FF60E7886E0]\nE       \t(No symbol) [0x00007FF60E62592A]\nE       \t(No symbol) [0x00007FF60E67930E]\nE       \t(No symbol) [0x00007FF60E6795FC]\nE       \t(No symbol) [0x00007FF60E6C28A7]\nE       \t(No symbol) [0x00007FF60E69F47F]\nE       \t(No symbol) [0x00007FF60E6BF654]\nE       \t(No symbol) [0x00007FF60E69F1E3]\nE       \t(No symbol) [0x00007FF60E66A938]\nE       \t(No symbol) [0x00007FF60E66BAA1]\nE       \tGetHandleVerifier [0x00007FF60EB5933D+3410093]\nE       \tGetHandleVerifier [0x00007FF60EB6E7DD+3497293]\nE       \tGetHandleVerifier [0x00007FF60EB62A73+3448803]\nE       \tGetHandleVerifier [0x00007FF60E8E7BBB+848171]\nE       \t(No symbol) [0x00007FF60E793C3F]\nE       \t(No symbol) [0x00007FF60E78F6E4]\nE       \t(No symbol) [0x00007FF60E78F87D]\nE       \t(No symbol) [0x00007FF60E77ED49]\nE       \tBaseThreadInitThunk [0x00007FFD25D07374+20]\nE       \tRtlUserThreadStart [0x00007FFD25F5CC91+33]\n\n..\\..\\..\\AppData\\Local\\Programs\\Python\\Python313\\Lib\\site-packages\\selenium\\webdriver\\remote\\errorhandler.py:229: NoSuchElementException","flaky":false,"newFailed":false,"newBroken":false,"newPassed":false,"retriesCount":0,"retriesStatusChange":false,"beforeStages":[{"name":"driver","time":{"start":1734732542548,"stop":1734732547073,"duration":4525},"status":"passed","steps":[],"attachments":[],"parameters":[],"shouldDisplayMessage":false,"attachmentsCount":0,"attachmentStep":false,"stepsCount":0,"hasContent":false},{"name":"random_user_for_register","time":{"start":1734732547073,"stop":1734732547074,"duration":1},"status":"passed","steps":[{"name":"Генерация пользовательских данных","time":{"start":1734732547074,"stop":1734732547074,"duration":0},"status":"passed","steps":[],"attachments":[],"parameters":[],"shouldDisplayMessage":false,"attachmentsCount":0,"attachmentStep":false,"stepsCount":0,"hasContent":false}],"attachments":[],"parameters":[],"shouldDisplayMessage":false,"attachmentsCount":0,"attachmentStep":false,"stepsCount":1,"hasContent":true},{"name":"personal_account","time":{"start":1734732547073,"stop":1734732547073,"duration":0},"status":"passed","steps":[{"name":"Открытие главной страницы","time":{"start":1734732547073,"stop":1734732547073,"duration":0},"status":"passed","steps":[],"attachments":[],"parameters":[{"name":"driver","value":"<selenium.webdriver.chrome.webdriver.WebDriver (session=\"7cbbff293501aeef70697fcded79a8a9\")>"}],"shouldDisplayMessage":false,"attachmentsCount":0,"attachmentStep":false,"stepsCount":0,"hasContent":true}],"attachments":[],"parameters":[],"shouldDisplayMessage":false,"attachmentsCount":0,"attachmentStep":false,"stepsCount":1,"hasContent":true},{"name":"test_user_create","time":{"start":1734732547074,"stop":1734732547612,"duration":538},"status":"passed","steps":[{"name":"Создание пользователя через api","time":{"start":1734732547074,"stop":1734732547612,"duration":538},"status":"passed","steps":[],"attachments":[],"parameters":[{"name":"random_user_for_register","value":"{'email': 'r3762:3762@ya.ru', 'password': 'password:3762', 'name': 'Username:3762'}"}],"shouldDisplayMessage":false,"attachmentsCount":0,"attachmentStep":false,"stepsCount":0,"hasContent":true}],"attachments":[],"parameters":[],"shouldDisplayMessage":false,"attachmentsCount":0,"attachmentStep":false,"stepsCount":1,"hasContent":true}],"testStage":{"status":"broken","statusMessage":"selenium.common.exceptions.NoSuchElementException: Message: no such element: Unable to locate element: {\"method\":\"xpath\",\"selector\":\"//button[@class='Account_button__14Yp3 text text_type_main-medium text_color_inactive']\"}\n  (Session info: chrome=131.0.6778.205); For documentation on this error, please visit: https://www.selenium.dev/documentation/webdriver/troubleshooting/errors#no-such-element-exception\nStacktrace:\n\tGetHandleVerifier [0x00007FF60E81FB05+28789]\n\t(No symbol) [0x00007FF60E7886E0]\n\t(No symbol) [0x00007FF60E62592A]\n\t(No symbol) [0x00007FF60E67930E]\n\t(No symbol) [0x00007FF60E6795FC]\n\t(No symbol) [0x00007FF60E6C28A7]\n\t(No symbol) [0x00007FF60E69F47F]\n\t(No symbol) [0x00007FF60E6BF654]\n\t(No symbol) [0x00007FF60E69F1E3]\n\t(No symbol) [0x00007FF60E66A938]\n\t(No symbol) [0x00007FF60E66BAA1]\n\tGetHandleVerifier [0x00007FF60EB5933D+3410093]\n\tGetHandleVerifier [0x00007FF60EB6E7DD+3497293]\n\tGetHandleVerifier [0x00007FF60EB62A73+3448803]\n\tGetHandleVerifier [0x00007FF60E8E7BBB+848171]\n\t(No symbol) [0x00007FF60E793C3F]\n\t(No symbol) [0x00007FF60E78F6E4]\n\t(No symbol) [0x00007FF60E78F87D]\n\t(No symbol) [0x00007FF60E77ED49]\n\tBaseThreadInitThunk [0x00007FFD25D07374+20]\n\tRtlUserThreadStart [0x00007FFD25F5CC91+33]","statusTrace":"self = <personal_account_test.TestRestorePassword object at 0x0000021F8D4F7CE0>\ndriver = <selenium.webdriver.chrome.webdriver.WebDriver (session=\"7cbbff293501aeef70697fcded79a8a9\")>\npersonal_account = <pages.personal_account_page.PersonalAccountPage object at 0x0000021F8D5B6AD0>\ntest_user_create = {'email': 'r3762:3762@ya.ru', 'name': 'Username:3762', 'password': 'password:3762'}\n\n    @allure.title(\"Тест: выход из аккаунта\")\n    def test_logout(self, driver, personal_account, test_user_create):\n        # Авторизация\n        personal_account.click_on_login_to_account()\n        personal_account.input_email(test_user_create[\"email\"])\n        personal_account.input_password(test_user_create[\"password\"])\n        personal_account.click_login_button()\n        # Нужна пауза\n        WebDriverWait(driver, 20).until(expected_conditions.element_to_be_clickable(login_page_login_button))\n        personal_account.click_on_login_to_account()\n        # Нужна пауза\n        WebDriverWait(driver, 20).until(expected_conditions.element_to_be_clickable(login_page_login_button))\n        # Логаут\n>       personal_account.click_exit_button()\n\ntests\\personal_account_test.py:49: \n_ _ _ _ _ _ _ _ _ _ _ _ _ _ _ _ _ _ _ _ _ _ _ _ _ _ _ _ _ _ _ _ _ _ _ _ _ _ _ _ _ _ _ _ _ _ _ _ _ _ _ _ _ _ _ _ _ _\npages\\personal_account_page.py:26: in click_exit_button\n    self.driver.find_element(*personal_account_exit_button).click()\n..\\..\\..\\AppData\\Local\\Programs\\Python\\Python313\\Lib\\site-packages\\selenium\\webdriver\\remote\\webdriver.py:748: in find_element\n    return self.execute(Command.FIND_ELEMENT, {\"using\": by, \"value\": value})[\"value\"]\n..\\..\\..\\AppData\\Local\\Programs\\Python\\Python313\\Lib\\site-packages\\selenium\\webdriver\\remote\\webdriver.py:354: in execute\n    self.error_handler.check_response(response)\n_ _ _ _ _ _ _ _ _ _ _ _ _ _ _ _ _ _ _ _ _ _ _ _ _ _ _ _ _ _ _ _ _ _ _ _ _ _ _ _ _ _ _ _ _ _ _ _ _ _ _ _ _ _ _ _ _ _\n\nself = <selenium.webdriver.remote.errorhandler.ErrorHandler object at 0x0000021F8D5D2DD0>\nresponse = {'status': 404, 'value': '{\"value\":{\"error\":\"no such element\",\"message\":\"no such element: Unable to locate element: {\\...07FF60E77ED49]\\\\n\\\\tBaseThreadInitThunk [0x00007FFD25D07374+20]\\\\n\\\\tRtlUserThreadStart [0x00007FFD25F5CC91+33]\\\\n\"}}'}\n\n    def check_response(self, response: Dict[str, Any]) -> None:\n        \"\"\"Checks that a JSON response from the WebDriver does not have an\n        error.\n    \n        :Args:\n         - response - The JSON response from the WebDriver server as a dictionary\n           object.\n    \n        :Raises: If the response contains an error message.\n        \"\"\"\n        status = response.get(\"status\", None)\n        if not status or status == ErrorCode.SUCCESS:\n            return\n        value = None\n        message = response.get(\"message\", \"\")\n        screen: str = response.get(\"screen\", \"\")\n        stacktrace = None\n        if isinstance(status, int):\n            value_json = response.get(\"value\", None)\n            if value_json and isinstance(value_json, str):\n                import json\n    \n                try:\n                    value = json.loads(value_json)\n                    if len(value) == 1:\n                        value = value[\"value\"]\n                    status = value.get(\"error\", None)\n                    if not status:\n                        status = value.get(\"status\", ErrorCode.UNKNOWN_ERROR)\n                        message = value.get(\"value\") or value.get(\"message\")\n                        if not isinstance(message, str):\n                            value = message\n                            message = message.get(\"message\")\n                    else:\n                        message = value.get(\"message\", None)\n                except ValueError:\n                    pass\n    \n        exception_class: Type[WebDriverException]\n        e = ErrorCode()\n        error_codes = [item for item in dir(e) if not item.startswith(\"__\")]\n        for error_code in error_codes:\n            error_info = getattr(ErrorCode, error_code)\n            if isinstance(error_info, list) and status in error_info:\n                exception_class = getattr(ExceptionMapping, error_code, WebDriverException)\n                break\n        else:\n            exception_class = WebDriverException\n    \n        if not value:\n            value = response[\"value\"]\n        if isinstance(value, str):\n            raise exception_class(value)\n        if message == \"\" and \"message\" in value:\n            message = value[\"message\"]\n    \n        screen = None  # type: ignore[assignment]\n        if \"screen\" in value:\n            screen = value[\"screen\"]\n    \n        stacktrace = None\n        st_value = value.get(\"stackTrace\") or value.get(\"stacktrace\")\n        if st_value:\n            if isinstance(st_value, str):\n                stacktrace = st_value.split(\"\\n\")\n            else:\n                stacktrace = []\n                try:\n                    for frame in st_value:\n                        line = frame.get(\"lineNumber\", \"\")\n                        file = frame.get(\"fileName\", \"<anonymous>\")\n                        if line:\n                            file = f\"{file}:{line}\"\n                        meth = frame.get(\"methodName\", \"<anonymous>\")\n                        if \"className\" in frame:\n                            meth = f\"{frame['className']}.{meth}\"\n                        msg = \"    at %s (%s)\"\n                        msg = msg % (meth, file)\n                        stacktrace.append(msg)\n                except TypeError:\n                    pass\n        if exception_class == UnexpectedAlertPresentException:\n            alert_text = None\n            if \"data\" in value:\n                alert_text = value[\"data\"].get(\"text\")\n            elif \"alert\" in value:\n                alert_text = value[\"alert\"].get(\"text\")\n            raise exception_class(message, screen, stacktrace, alert_text)  # type: ignore[call-arg]  # mypy is not smart enough here\n>       raise exception_class(message, screen, stacktrace)\nE       selenium.common.exceptions.NoSuchElementException: Message: no such element: Unable to locate element: {\"method\":\"xpath\",\"selector\":\"//button[@class='Account_button__14Yp3 text text_type_main-medium text_color_inactive']\"}\nE         (Session info: chrome=131.0.6778.205); For documentation on this error, please visit: https://www.selenium.dev/documentation/webdriver/troubleshooting/errors#no-such-element-exception\nE       Stacktrace:\nE       \tGetHandleVerifier [0x00007FF60E81FB05+28789]\nE       \t(No symbol) [0x00007FF60E7886E0]\nE       \t(No symbol) [0x00007FF60E62592A]\nE       \t(No symbol) [0x00007FF60E67930E]\nE       \t(No symbol) [0x00007FF60E6795FC]\nE       \t(No symbol) [0x00007FF60E6C28A7]\nE       \t(No symbol) [0x00007FF60E69F47F]\nE       \t(No symbol) [0x00007FF60E6BF654]\nE       \t(No symbol) [0x00007FF60E69F1E3]\nE       \t(No symbol) [0x00007FF60E66A938]\nE       \t(No symbol) [0x00007FF60E66BAA1]\nE       \tGetHandleVerifier [0x00007FF60EB5933D+3410093]\nE       \tGetHandleVerifier [0x00007FF60EB6E7DD+3497293]\nE       \tGetHandleVerifier [0x00007FF60EB62A73+3448803]\nE       \tGetHandleVerifier [0x00007FF60E8E7BBB+848171]\nE       \t(No symbol) [0x00007FF60E793C3F]\nE       \t(No symbol) [0x00007FF60E78F6E4]\nE       \t(No symbol) [0x00007FF60E78F87D]\nE       \t(No symbol) [0x00007FF60E77ED49]\nE       \tBaseThreadInitThunk [0x00007FFD25D07374+20]\nE       \tRtlUserThreadStart [0x00007FFD25F5CC91+33]\n\n..\\..\\..\\AppData\\Local\\Programs\\Python\\Python313\\Lib\\site-packages\\selenium\\webdriver\\remote\\errorhandler.py:229: NoSuchElementException","steps":[{"name":"Клик по кнопке Войти в аккаунт","time":{"start":1734732547612,"stop":1734732547656,"duration":44},"status":"passed","steps":[],"attachments":[],"parameters":[],"shouldDisplayMessage":false,"attachmentsCount":0,"attachmentStep":false,"stepsCount":0,"hasContent":false},{"name":"Заполнение поля email","time":{"start":1734732547656,"stop":1734732547700,"duration":44},"status":"passed","steps":[],"attachments":[],"parameters":[{"name":"email","value":"'r3762:3762@ya.ru'"}],"shouldDisplayMessage":false,"attachmentsCount":0,"attachmentStep":false,"stepsCount":0,"hasContent":true},{"name":"Заполнение поля email","time":{"start":1734732547700,"stop":1734732547732,"duration":32},"status":"passed","steps":[],"attachments":[],"parameters":[{"name":"password","value":"'password:3762'"}],"shouldDisplayMessage":false,"attachmentsCount":0,"attachmentStep":false,"stepsCount":0,"hasContent":true},{"name":"Клик по кнопке войти","time":{"start":1734732547732,"stop":1734732547767,"duration":35},"status":"passed","steps":[],"attachments":[],"parameters":[],"shouldDisplayMessage":false,"attachmentsCount":0,"attachmentStep":false,"stepsCount":0,"hasContent":false},{"name":"Клик по кнопке Войти в аккаунт","time":{"start":1734732547779,"stop":1734732547812,"duration":33},"status":"passed","steps":[],"attachments":[],"parameters":[],"shouldDisplayMessage":false,"attachmentsCount":0,"attachmentStep":false,"stepsCount":0,"hasContent":false},{"name":"Клик по кнопке Выход","time":{"start":1734732547824,"stop":1734732547831,"duration":7},"status":"broken","statusMessage":"selenium.common.exceptions.NoSuchElementException: Message: no such element: Unable to locate element: {\"method\":\"xpath\",\"selector\":\"//button[@class='Account_button__14Yp3 text text_type_main-medium text_color_inactive']\"}\n  (Session info: chrome=131.0.6778.205); For documentation on this error, please visit: https://www.selenium.dev/documentation/webdriver/troubleshooting/errors#no-such-element-exception\nStacktrace:\n\tGetHandleVerifier [0x00007FF60E81FB05+28789]\n\t(No symbol) [0x00007FF60E7886E0]\n\t(No symbol) [0x00007FF60E62592A]\n\t(No symbol) [0x00007FF60E67930E]\n\t(No symbol) [0x00007FF60E6795FC]\n\t(No symbol) [0x00007FF60E6C28A7]\n\t(No symbol) [0x00007FF60E69F47F]\n\t(No symbol) [0x00007FF60E6BF654]\n\t(No symbol) [0x00007FF60E69F1E3]\n\t(No symbol) [0x00007FF60E66A938]\n\t(No symbol) [0x00007FF60E66BAA1]\n\tGetHandleVerifier [0x00007FF60EB5933D+3410093]\n\tGetHandleVerifier [0x00007FF60EB6E7DD+3497293]\n\tGetHandleVerifier [0x00007FF60EB62A73+3448803]\n\tGetHandleVerifier [0x00007FF60E8E7BBB+848171]\n\t(No symbol) [0x00007FF60E793C3F]\n\t(No symbol) [0x00007FF60E78F6E4]\n\t(No symbol) [0x00007FF60E78F87D]\n\t(No symbol) [0x00007FF60E77ED49]\n\tBaseThreadInitThunk [0x00007FFD25D07374+20]\n\tRtlUserThreadStart [0x00007FFD25F5CC91+33]\n\n","statusTrace":"  File \"C:\\Users\\mmavr\\AppData\\Local\\Programs\\Python\\Python313\\Lib\\site-packages\\allure_commons\\_allure.py\", line 192, in impl\n    return func(*a, **kw)\n  File \"C:\\Users\\mmavr\\yandex\\Diplom\\Diplom_3\\pages\\personal_account_page.py\", line 26, in click_exit_button\n    self.driver.find_element(*personal_account_exit_button).click()\n    ~~~~~~~~~~~~~~~~~~~~~~~~^^^^^^^^^^^^^^^^^^^^^^^^^^^^^^^\n  File \"C:\\Users\\mmavr\\AppData\\Local\\Programs\\Python\\Python313\\Lib\\site-packages\\selenium\\webdriver\\remote\\webdriver.py\", line 748, in find_element\n    return self.execute(Command.FIND_ELEMENT, {\"using\": by, \"value\": value})[\"value\"]\n           ~~~~~~~~~~~~^^^^^^^^^^^^^^^^^^^^^^^^^^^^^^^^^^^^^^^^^^^^^^^^^^^^^\n  File \"C:\\Users\\mmavr\\AppData\\Local\\Programs\\Python\\Python313\\Lib\\site-packages\\selenium\\webdriver\\remote\\webdriver.py\", line 354, in execute\n    self.error_handler.check_response(response)\n    ~~~~~~~~~~~~~~~~~~~~~~~~~~~~~~~~~^^^^^^^^^^\n  File \"C:\\Users\\mmavr\\AppData\\Local\\Programs\\Python\\Python313\\Lib\\site-packages\\selenium\\webdriver\\remote\\errorhandler.py\", line 229, in check_response\n    raise exception_class(message, screen, stacktrace)\n","steps":[],"attachments":[],"parameters":[],"shouldDisplayMessage":true,"attachmentsCount":0,"attachmentStep":false,"stepsCount":0,"hasContent":true}],"attachments":[],"parameters":[],"shouldDisplayMessage":true,"attachmentsCount":0,"attachmentStep":false,"stepsCount":6,"hasContent":true},"afterStages":[{"name":"driver::0","time":{"start":1734732547939,"stop":1734732550037,"duration":2098},"status":"passed","steps":[],"attachments":[],"parameters":[],"shouldDisplayMessage":false,"attachmentsCount":0,"attachmentStep":false,"stepsCount":0,"hasContent":false}],"labels":[{"name":"tag","value":"@pytest.mark.usefixtures('personal_account')"},{"name":"parentSuite","value":"tests"},{"name":"suite","value":"personal_account_test"},{"name":"subSuite","value":"TestRestorePassword"},{"name":"host","value":"DESKTOP-7LU8FN0"},{"name":"thread","value":"7080-MainThread"},{"name":"framework","value":"pytest"},{"name":"language","value":"cpython3"},{"name":"package","value":"tests.personal_account_test"},{"name":"resultFormat","value":"allure2"}],"parameters":[],"links":[],"hidden":true,"retry":true,"extra":{"categories":[],"tags":["@pytest.mark.usefixtures('personal_account')"]},"source":"ee581f804afa5d95.json","parameterValues":[]}